[2026-01-07T13:56:15.814+0000] {processor.py:161} INFO - Started process (PID=7709) to work on /opt/airflow/dags/example_dag.py
[2026-01-07T13:56:15.838+0000] {processor.py:830} INFO - Processing file /opt/airflow/dags/example_dag.py for tasks to queue
[2026-01-07T13:56:15.850+0000] {logging_mixin.py:188} INFO - [2026-01-07T13:56:15.849+0000] {dagbag.py:538} INFO - Filling up the DagBag from /opt/airflow/dags/example_dag.py
[2026-01-07T13:56:34.032+0000] {processor.py:840} INFO - DAG(s) 'ingest_bronze_taxi' retrieved from /opt/airflow/dags/example_dag.py
[2026-01-07T13:56:34.237+0000] {logging_mixin.py:188} INFO - [2026-01-07T13:56:34.235+0000] {dag.py:3036} INFO - Sync 1 DAGs
[2026-01-07T13:56:34.335+0000] {logging_mixin.py:188} INFO - [2026-01-07T13:56:34.334+0000] {dag.py:3823} INFO - Setting next_dagrun for ingest_bronze_taxi to None, run_after=None
[2026-01-07T13:56:34.477+0000] {processor.py:183} INFO - Processing /opt/airflow/dags/example_dag.py took 18.705 seconds
[2026-01-07T13:57:05.563+0000] {processor.py:161} INFO - Started process (PID=7718) to work on /opt/airflow/dags/example_dag.py
[2026-01-07T13:57:05.572+0000] {processor.py:830} INFO - Processing file /opt/airflow/dags/example_dag.py for tasks to queue
[2026-01-07T13:57:05.577+0000] {logging_mixin.py:188} INFO - [2026-01-07T13:57:05.576+0000] {dagbag.py:538} INFO - Filling up the DagBag from /opt/airflow/dags/example_dag.py
[2026-01-07T13:57:09.097+0000] {processor.py:840} INFO - DAG(s) 'ingest_bronze_taxi' retrieved from /opt/airflow/dags/example_dag.py
[2026-01-07T13:57:09.269+0000] {logging_mixin.py:188} INFO - [2026-01-07T13:57:09.268+0000] {dag.py:3036} INFO - Sync 1 DAGs
[2026-01-07T13:57:09.300+0000] {logging_mixin.py:188} INFO - [2026-01-07T13:57:09.300+0000] {dag.py:3823} INFO - Setting next_dagrun for ingest_bronze_taxi to None, run_after=None
[2026-01-07T13:57:09.365+0000] {processor.py:183} INFO - Processing /opt/airflow/dags/example_dag.py took 3.816 seconds
[2026-01-07T13:57:39.691+0000] {processor.py:161} INFO - Started process (PID=7724) to work on /opt/airflow/dags/example_dag.py
[2026-01-07T13:57:39.697+0000] {processor.py:830} INFO - Processing file /opt/airflow/dags/example_dag.py for tasks to queue
[2026-01-07T13:57:39.702+0000] {logging_mixin.py:188} INFO - [2026-01-07T13:57:39.701+0000] {dagbag.py:538} INFO - Filling up the DagBag from /opt/airflow/dags/example_dag.py
[2026-01-07T13:57:41.224+0000] {processor.py:840} INFO - DAG(s) 'ingest_bronze_taxi' retrieved from /opt/airflow/dags/example_dag.py
[2026-01-07T13:57:41.309+0000] {logging_mixin.py:188} INFO - [2026-01-07T13:57:41.309+0000] {dag.py:3036} INFO - Sync 1 DAGs
[2026-01-07T13:57:41.349+0000] {logging_mixin.py:188} INFO - [2026-01-07T13:57:41.338+0000] {dag.py:3823} INFO - Setting next_dagrun for ingest_bronze_taxi to None, run_after=None
[2026-01-07T13:57:41.404+0000] {processor.py:183} INFO - Processing /opt/airflow/dags/example_dag.py took 1.746 seconds
[2026-01-07T13:58:11.798+0000] {processor.py:161} INFO - Started process (PID=7730) to work on /opt/airflow/dags/example_dag.py
[2026-01-07T13:58:11.801+0000] {processor.py:830} INFO - Processing file /opt/airflow/dags/example_dag.py for tasks to queue
[2026-01-07T13:58:11.804+0000] {logging_mixin.py:188} INFO - [2026-01-07T13:58:11.803+0000] {dagbag.py:538} INFO - Filling up the DagBag from /opt/airflow/dags/example_dag.py
[2026-01-07T13:58:12.585+0000] {processor.py:840} INFO - DAG(s) 'ingest_bronze_taxi' retrieved from /opt/airflow/dags/example_dag.py
[2026-01-07T13:58:12.644+0000] {logging_mixin.py:188} INFO - [2026-01-07T13:58:12.644+0000] {dag.py:3036} INFO - Sync 1 DAGs
[2026-01-07T13:58:12.664+0000] {logging_mixin.py:188} INFO - [2026-01-07T13:58:12.664+0000] {dag.py:3823} INFO - Setting next_dagrun for ingest_bronze_taxi to None, run_after=None
[2026-01-07T13:58:12.700+0000] {processor.py:183} INFO - Processing /opt/airflow/dags/example_dag.py took 0.913 seconds
[2026-01-07T13:58:43.275+0000] {processor.py:161} INFO - Started process (PID=7736) to work on /opt/airflow/dags/example_dag.py
[2026-01-07T13:58:43.310+0000] {processor.py:830} INFO - Processing file /opt/airflow/dags/example_dag.py for tasks to queue
[2026-01-07T13:58:43.322+0000] {logging_mixin.py:188} INFO - [2026-01-07T13:58:43.320+0000] {dagbag.py:538} INFO - Filling up the DagBag from /opt/airflow/dags/example_dag.py
[2026-01-07T13:58:45.320+0000] {processor.py:840} INFO - DAG(s) 'ingest_bronze_taxi' retrieved from /opt/airflow/dags/example_dag.py
[2026-01-07T13:58:45.795+0000] {logging_mixin.py:188} INFO - [2026-01-07T13:58:45.793+0000] {dag.py:3036} INFO - Sync 1 DAGs
[2026-01-07T13:58:45.853+0000] {logging_mixin.py:188} INFO - [2026-01-07T13:58:45.852+0000] {dag.py:3823} INFO - Setting next_dagrun for ingest_bronze_taxi to None, run_after=None
[2026-01-07T13:58:46.392+0000] {processor.py:183} INFO - Processing /opt/airflow/dags/example_dag.py took 3.135 seconds
[2026-01-07T13:59:17.142+0000] {processor.py:161} INFO - Started process (PID=7742) to work on /opt/airflow/dags/example_dag.py
[2026-01-07T13:59:17.144+0000] {processor.py:830} INFO - Processing file /opt/airflow/dags/example_dag.py for tasks to queue
[2026-01-07T13:59:17.149+0000] {logging_mixin.py:188} INFO - [2026-01-07T13:59:17.146+0000] {dagbag.py:538} INFO - Filling up the DagBag from /opt/airflow/dags/example_dag.py
[2026-01-07T13:59:18.314+0000] {processor.py:840} INFO - DAG(s) 'ingest_bronze_taxi' retrieved from /opt/airflow/dags/example_dag.py
[2026-01-07T13:59:18.389+0000] {logging_mixin.py:188} INFO - [2026-01-07T13:59:18.388+0000] {dag.py:3036} INFO - Sync 1 DAGs
[2026-01-07T13:59:18.431+0000] {logging_mixin.py:188} INFO - [2026-01-07T13:59:18.431+0000] {dag.py:3823} INFO - Setting next_dagrun for ingest_bronze_taxi to None, run_after=None
[2026-01-07T13:59:18.477+0000] {processor.py:183} INFO - Processing /opt/airflow/dags/example_dag.py took 1.341 seconds
[2026-01-07T13:59:49.129+0000] {processor.py:161} INFO - Started process (PID=7748) to work on /opt/airflow/dags/example_dag.py
[2026-01-07T13:59:49.132+0000] {processor.py:830} INFO - Processing file /opt/airflow/dags/example_dag.py for tasks to queue
[2026-01-07T13:59:49.134+0000] {logging_mixin.py:188} INFO - [2026-01-07T13:59:49.133+0000] {dagbag.py:538} INFO - Filling up the DagBag from /opt/airflow/dags/example_dag.py
[2026-01-07T13:59:49.895+0000] {processor.py:840} INFO - DAG(s) 'ingest_bronze_taxi' retrieved from /opt/airflow/dags/example_dag.py
[2026-01-07T13:59:49.950+0000] {logging_mixin.py:188} INFO - [2026-01-07T13:59:49.949+0000] {dag.py:3036} INFO - Sync 1 DAGs
[2026-01-07T13:59:50.018+0000] {logging_mixin.py:188} INFO - [2026-01-07T13:59:50.012+0000] {dag.py:3823} INFO - Setting next_dagrun for ingest_bronze_taxi to None, run_after=None
[2026-01-07T13:59:50.059+0000] {processor.py:183} INFO - Processing /opt/airflow/dags/example_dag.py took 0.939 seconds
[2026-01-07T14:00:20.857+0000] {processor.py:161} INFO - Started process (PID=7754) to work on /opt/airflow/dags/example_dag.py
[2026-01-07T14:00:20.860+0000] {processor.py:830} INFO - Processing file /opt/airflow/dags/example_dag.py for tasks to queue
[2026-01-07T14:00:20.862+0000] {logging_mixin.py:188} INFO - [2026-01-07T14:00:20.862+0000] {dagbag.py:538} INFO - Filling up the DagBag from /opt/airflow/dags/example_dag.py
[2026-01-07T14:00:21.634+0000] {processor.py:840} INFO - DAG(s) 'ingest_bronze_taxi' retrieved from /opt/airflow/dags/example_dag.py
[2026-01-07T14:00:21.684+0000] {logging_mixin.py:188} INFO - [2026-01-07T14:00:21.684+0000] {dag.py:3036} INFO - Sync 1 DAGs
[2026-01-07T14:00:21.699+0000] {logging_mixin.py:188} INFO - [2026-01-07T14:00:21.699+0000] {dag.py:3823} INFO - Setting next_dagrun for ingest_bronze_taxi to None, run_after=None
[2026-01-07T14:00:21.727+0000] {processor.py:183} INFO - Processing /opt/airflow/dags/example_dag.py took 0.878 seconds
[2026-01-07T14:00:52.478+0000] {processor.py:161} INFO - Started process (PID=7760) to work on /opt/airflow/dags/example_dag.py
[2026-01-07T14:00:52.481+0000] {processor.py:830} INFO - Processing file /opt/airflow/dags/example_dag.py for tasks to queue
[2026-01-07T14:00:52.483+0000] {logging_mixin.py:188} INFO - [2026-01-07T14:00:52.482+0000] {dagbag.py:538} INFO - Filling up the DagBag from /opt/airflow/dags/example_dag.py
[2026-01-07T14:00:53.260+0000] {processor.py:840} INFO - DAG(s) 'ingest_bronze_taxi' retrieved from /opt/airflow/dags/example_dag.py
[2026-01-07T14:00:53.303+0000] {logging_mixin.py:188} INFO - [2026-01-07T14:00:53.302+0000] {dag.py:3036} INFO - Sync 1 DAGs
[2026-01-07T14:00:53.319+0000] {logging_mixin.py:188} INFO - [2026-01-07T14:00:53.318+0000] {dag.py:3823} INFO - Setting next_dagrun for ingest_bronze_taxi to None, run_after=None
[2026-01-07T14:00:53.349+0000] {processor.py:183} INFO - Processing /opt/airflow/dags/example_dag.py took 0.877 seconds
[2026-01-07T14:01:24.190+0000] {processor.py:161} INFO - Started process (PID=7766) to work on /opt/airflow/dags/example_dag.py
[2026-01-07T14:01:24.204+0000] {processor.py:830} INFO - Processing file /opt/airflow/dags/example_dag.py for tasks to queue
[2026-01-07T14:01:24.208+0000] {logging_mixin.py:188} INFO - [2026-01-07T14:01:24.206+0000] {dagbag.py:538} INFO - Filling up the DagBag from /opt/airflow/dags/example_dag.py
[2026-01-07T14:01:24.945+0000] {processor.py:840} INFO - DAG(s) 'ingest_bronze_taxi' retrieved from /opt/airflow/dags/example_dag.py
[2026-01-07T14:01:24.993+0000] {logging_mixin.py:188} INFO - [2026-01-07T14:01:24.992+0000] {dag.py:3036} INFO - Sync 1 DAGs
[2026-01-07T14:01:25.013+0000] {logging_mixin.py:188} INFO - [2026-01-07T14:01:25.012+0000] {dag.py:3823} INFO - Setting next_dagrun for ingest_bronze_taxi to None, run_after=None
[2026-01-07T14:01:25.041+0000] {processor.py:183} INFO - Processing /opt/airflow/dags/example_dag.py took 0.882 seconds
[2026-01-07T14:01:55.769+0000] {processor.py:161} INFO - Started process (PID=7772) to work on /opt/airflow/dags/example_dag.py
[2026-01-07T14:01:55.771+0000] {processor.py:830} INFO - Processing file /opt/airflow/dags/example_dag.py for tasks to queue
[2026-01-07T14:01:55.774+0000] {logging_mixin.py:188} INFO - [2026-01-07T14:01:55.773+0000] {dagbag.py:538} INFO - Filling up the DagBag from /opt/airflow/dags/example_dag.py
[2026-01-07T14:01:56.533+0000] {processor.py:840} INFO - DAG(s) 'ingest_bronze_taxi' retrieved from /opt/airflow/dags/example_dag.py
[2026-01-07T14:01:56.574+0000] {logging_mixin.py:188} INFO - [2026-01-07T14:01:56.574+0000] {dag.py:3036} INFO - Sync 1 DAGs
[2026-01-07T14:01:56.592+0000] {logging_mixin.py:188} INFO - [2026-01-07T14:01:56.591+0000] {dag.py:3823} INFO - Setting next_dagrun for ingest_bronze_taxi to None, run_after=None
[2026-01-07T14:01:56.626+0000] {processor.py:183} INFO - Processing /opt/airflow/dags/example_dag.py took 0.868 seconds
[2026-01-07T14:02:27.357+0000] {processor.py:161} INFO - Started process (PID=7778) to work on /opt/airflow/dags/example_dag.py
[2026-01-07T14:02:27.359+0000] {processor.py:830} INFO - Processing file /opt/airflow/dags/example_dag.py for tasks to queue
[2026-01-07T14:02:27.362+0000] {logging_mixin.py:188} INFO - [2026-01-07T14:02:27.361+0000] {dagbag.py:538} INFO - Filling up the DagBag from /opt/airflow/dags/example_dag.py
[2026-01-07T14:02:28.058+0000] {processor.py:840} INFO - DAG(s) 'ingest_bronze_taxi' retrieved from /opt/airflow/dags/example_dag.py
[2026-01-07T14:02:28.098+0000] {logging_mixin.py:188} INFO - [2026-01-07T14:02:28.098+0000] {dag.py:3036} INFO - Sync 1 DAGs
[2026-01-07T14:02:28.116+0000] {logging_mixin.py:188} INFO - [2026-01-07T14:02:28.115+0000] {dag.py:3823} INFO - Setting next_dagrun for ingest_bronze_taxi to None, run_after=None
[2026-01-07T14:02:28.148+0000] {processor.py:183} INFO - Processing /opt/airflow/dags/example_dag.py took 0.798 seconds
[2026-01-07T14:02:58.918+0000] {processor.py:161} INFO - Started process (PID=7784) to work on /opt/airflow/dags/example_dag.py
[2026-01-07T14:02:58.920+0000] {processor.py:830} INFO - Processing file /opt/airflow/dags/example_dag.py for tasks to queue
[2026-01-07T14:02:58.923+0000] {logging_mixin.py:188} INFO - [2026-01-07T14:02:58.922+0000] {dagbag.py:538} INFO - Filling up the DagBag from /opt/airflow/dags/example_dag.py
[2026-01-07T14:02:59.591+0000] {processor.py:840} INFO - DAG(s) 'ingest_bronze_taxi' retrieved from /opt/airflow/dags/example_dag.py
[2026-01-07T14:02:59.636+0000] {logging_mixin.py:188} INFO - [2026-01-07T14:02:59.635+0000] {dag.py:3036} INFO - Sync 1 DAGs
[2026-01-07T14:02:59.652+0000] {logging_mixin.py:188} INFO - [2026-01-07T14:02:59.652+0000] {dag.py:3823} INFO - Setting next_dagrun for ingest_bronze_taxi to None, run_after=None
[2026-01-07T14:02:59.683+0000] {processor.py:183} INFO - Processing /opt/airflow/dags/example_dag.py took 0.779 seconds
[2026-01-07T14:03:30.496+0000] {processor.py:161} INFO - Started process (PID=7790) to work on /opt/airflow/dags/example_dag.py
[2026-01-07T14:03:30.500+0000] {processor.py:830} INFO - Processing file /opt/airflow/dags/example_dag.py for tasks to queue
[2026-01-07T14:03:30.504+0000] {logging_mixin.py:188} INFO - [2026-01-07T14:03:30.503+0000] {dagbag.py:538} INFO - Filling up the DagBag from /opt/airflow/dags/example_dag.py
[2026-01-07T14:03:31.211+0000] {processor.py:840} INFO - DAG(s) 'ingest_bronze_taxi' retrieved from /opt/airflow/dags/example_dag.py
[2026-01-07T14:03:31.254+0000] {logging_mixin.py:188} INFO - [2026-01-07T14:03:31.254+0000] {dag.py:3036} INFO - Sync 1 DAGs
[2026-01-07T14:03:31.269+0000] {logging_mixin.py:188} INFO - [2026-01-07T14:03:31.269+0000] {dag.py:3823} INFO - Setting next_dagrun for ingest_bronze_taxi to None, run_after=None
[2026-01-07T14:03:31.302+0000] {processor.py:183} INFO - Processing /opt/airflow/dags/example_dag.py took 0.819 seconds
[2026-01-07T14:04:02.049+0000] {processor.py:161} INFO - Started process (PID=7796) to work on /opt/airflow/dags/example_dag.py
[2026-01-07T14:04:02.051+0000] {processor.py:830} INFO - Processing file /opt/airflow/dags/example_dag.py for tasks to queue
[2026-01-07T14:04:02.053+0000] {logging_mixin.py:188} INFO - [2026-01-07T14:04:02.053+0000] {dagbag.py:538} INFO - Filling up the DagBag from /opt/airflow/dags/example_dag.py
[2026-01-07T14:04:02.762+0000] {processor.py:840} INFO - DAG(s) 'ingest_bronze_taxi' retrieved from /opt/airflow/dags/example_dag.py
[2026-01-07T14:04:02.805+0000] {logging_mixin.py:188} INFO - [2026-01-07T14:04:02.804+0000] {dag.py:3036} INFO - Sync 1 DAGs
[2026-01-07T14:04:02.822+0000] {logging_mixin.py:188} INFO - [2026-01-07T14:04:02.821+0000] {dag.py:3823} INFO - Setting next_dagrun for ingest_bronze_taxi to None, run_after=None
[2026-01-07T14:04:02.856+0000] {processor.py:183} INFO - Processing /opt/airflow/dags/example_dag.py took 0.815 seconds
[2026-01-07T14:04:33.533+0000] {processor.py:161} INFO - Started process (PID=7802) to work on /opt/airflow/dags/example_dag.py
[2026-01-07T14:04:33.535+0000] {processor.py:830} INFO - Processing file /opt/airflow/dags/example_dag.py for tasks to queue
[2026-01-07T14:04:33.537+0000] {logging_mixin.py:188} INFO - [2026-01-07T14:04:33.537+0000] {dagbag.py:538} INFO - Filling up the DagBag from /opt/airflow/dags/example_dag.py
[2026-01-07T14:04:34.212+0000] {processor.py:840} INFO - DAG(s) 'ingest_bronze_taxi' retrieved from /opt/airflow/dags/example_dag.py
[2026-01-07T14:04:34.259+0000] {logging_mixin.py:188} INFO - [2026-01-07T14:04:34.258+0000] {dag.py:3036} INFO - Sync 1 DAGs
[2026-01-07T14:04:34.274+0000] {logging_mixin.py:188} INFO - [2026-01-07T14:04:34.274+0000] {dag.py:3823} INFO - Setting next_dagrun for ingest_bronze_taxi to None, run_after=None
[2026-01-07T14:04:34.306+0000] {processor.py:183} INFO - Processing /opt/airflow/dags/example_dag.py took 0.780 seconds
[2026-01-07T14:05:04.657+0000] {processor.py:161} INFO - Started process (PID=7808) to work on /opt/airflow/dags/example_dag.py
[2026-01-07T14:05:04.659+0000] {processor.py:830} INFO - Processing file /opt/airflow/dags/example_dag.py for tasks to queue
[2026-01-07T14:05:04.661+0000] {logging_mixin.py:188} INFO - [2026-01-07T14:05:04.661+0000] {dagbag.py:538} INFO - Filling up the DagBag from /opt/airflow/dags/example_dag.py
[2026-01-07T14:05:05.361+0000] {processor.py:840} INFO - DAG(s) 'ingest_bronze_taxi' retrieved from /opt/airflow/dags/example_dag.py
[2026-01-07T14:05:05.403+0000] {logging_mixin.py:188} INFO - [2026-01-07T14:05:05.403+0000] {dag.py:3036} INFO - Sync 1 DAGs
[2026-01-07T14:05:05.427+0000] {logging_mixin.py:188} INFO - [2026-01-07T14:05:05.426+0000] {dag.py:3823} INFO - Setting next_dagrun for ingest_bronze_taxi to None, run_after=None
[2026-01-07T14:05:05.481+0000] {processor.py:183} INFO - Processing /opt/airflow/dags/example_dag.py took 0.838 seconds
[2026-01-07T14:05:35.728+0000] {processor.py:161} INFO - Started process (PID=7814) to work on /opt/airflow/dags/example_dag.py
[2026-01-07T14:05:35.730+0000] {processor.py:830} INFO - Processing file /opt/airflow/dags/example_dag.py for tasks to queue
[2026-01-07T14:05:35.732+0000] {logging_mixin.py:188} INFO - [2026-01-07T14:05:35.732+0000] {dagbag.py:538} INFO - Filling up the DagBag from /opt/airflow/dags/example_dag.py
[2026-01-07T14:05:36.433+0000] {processor.py:840} INFO - DAG(s) 'ingest_bronze_taxi' retrieved from /opt/airflow/dags/example_dag.py
[2026-01-07T14:05:36.478+0000] {logging_mixin.py:188} INFO - [2026-01-07T14:05:36.477+0000] {dag.py:3036} INFO - Sync 1 DAGs
[2026-01-07T14:05:36.495+0000] {logging_mixin.py:188} INFO - [2026-01-07T14:05:36.494+0000] {dag.py:3823} INFO - Setting next_dagrun for ingest_bronze_taxi to None, run_after=None
[2026-01-07T14:05:36.527+0000] {processor.py:183} INFO - Processing /opt/airflow/dags/example_dag.py took 0.806 seconds
[2026-01-07T14:06:07.025+0000] {processor.py:161} INFO - Started process (PID=7820) to work on /opt/airflow/dags/example_dag.py
[2026-01-07T14:06:07.027+0000] {processor.py:830} INFO - Processing file /opt/airflow/dags/example_dag.py for tasks to queue
[2026-01-07T14:06:07.029+0000] {logging_mixin.py:188} INFO - [2026-01-07T14:06:07.029+0000] {dagbag.py:538} INFO - Filling up the DagBag from /opt/airflow/dags/example_dag.py
[2026-01-07T14:06:07.771+0000] {processor.py:840} INFO - DAG(s) 'ingest_bronze_taxi' retrieved from /opt/airflow/dags/example_dag.py
[2026-01-07T14:06:07.819+0000] {logging_mixin.py:188} INFO - [2026-01-07T14:06:07.819+0000] {dag.py:3036} INFO - Sync 1 DAGs
[2026-01-07T14:06:07.840+0000] {logging_mixin.py:188} INFO - [2026-01-07T14:06:07.839+0000] {dag.py:3823} INFO - Setting next_dagrun for ingest_bronze_taxi to None, run_after=None
[2026-01-07T14:06:07.874+0000] {processor.py:183} INFO - Processing /opt/airflow/dags/example_dag.py took 0.859 seconds
[2026-01-07T14:06:38.668+0000] {processor.py:161} INFO - Started process (PID=7826) to work on /opt/airflow/dags/example_dag.py
[2026-01-07T14:06:38.672+0000] {processor.py:830} INFO - Processing file /opt/airflow/dags/example_dag.py for tasks to queue
[2026-01-07T14:06:38.676+0000] {logging_mixin.py:188} INFO - [2026-01-07T14:06:38.675+0000] {dagbag.py:538} INFO - Filling up the DagBag from /opt/airflow/dags/example_dag.py
[2026-01-07T14:06:39.464+0000] {processor.py:840} INFO - DAG(s) 'ingest_bronze_taxi' retrieved from /opt/airflow/dags/example_dag.py
[2026-01-07T14:06:39.508+0000] {logging_mixin.py:188} INFO - [2026-01-07T14:06:39.507+0000] {dag.py:3036} INFO - Sync 1 DAGs
[2026-01-07T14:06:39.525+0000] {logging_mixin.py:188} INFO - [2026-01-07T14:06:39.524+0000] {dag.py:3823} INFO - Setting next_dagrun for ingest_bronze_taxi to None, run_after=None
[2026-01-07T14:06:39.557+0000] {processor.py:183} INFO - Processing /opt/airflow/dags/example_dag.py took 0.903 seconds
[2026-01-07T14:07:10.520+0000] {processor.py:161} INFO - Started process (PID=7832) to work on /opt/airflow/dags/example_dag.py
[2026-01-07T14:07:10.527+0000] {processor.py:830} INFO - Processing file /opt/airflow/dags/example_dag.py for tasks to queue
[2026-01-07T14:07:10.533+0000] {logging_mixin.py:188} INFO - [2026-01-07T14:07:10.531+0000] {dagbag.py:538} INFO - Filling up the DagBag from /opt/airflow/dags/example_dag.py
[2026-01-07T14:07:11.241+0000] {processor.py:840} INFO - DAG(s) 'ingest_bronze_taxi' retrieved from /opt/airflow/dags/example_dag.py
[2026-01-07T14:07:11.285+0000] {logging_mixin.py:188} INFO - [2026-01-07T14:07:11.284+0000] {dag.py:3036} INFO - Sync 1 DAGs
[2026-01-07T14:07:11.302+0000] {logging_mixin.py:188} INFO - [2026-01-07T14:07:11.302+0000] {dag.py:3823} INFO - Setting next_dagrun for ingest_bronze_taxi to None, run_after=None
[2026-01-07T14:07:11.334+0000] {processor.py:183} INFO - Processing /opt/airflow/dags/example_dag.py took 0.860 seconds
[2026-01-07T14:07:41.546+0000] {processor.py:161} INFO - Started process (PID=7838) to work on /opt/airflow/dags/example_dag.py
[2026-01-07T14:07:41.549+0000] {processor.py:830} INFO - Processing file /opt/airflow/dags/example_dag.py for tasks to queue
[2026-01-07T14:07:41.552+0000] {logging_mixin.py:188} INFO - [2026-01-07T14:07:41.551+0000] {dagbag.py:538} INFO - Filling up the DagBag from /opt/airflow/dags/example_dag.py
[2026-01-07T14:07:42.888+0000] {processor.py:840} INFO - DAG(s) 'ingest_bronze_taxi' retrieved from /opt/airflow/dags/example_dag.py
[2026-01-07T14:07:42.931+0000] {logging_mixin.py:188} INFO - [2026-01-07T14:07:42.930+0000] {dag.py:3036} INFO - Sync 1 DAGs
[2026-01-07T14:07:42.948+0000] {logging_mixin.py:188} INFO - [2026-01-07T14:07:42.947+0000] {dag.py:3823} INFO - Setting next_dagrun for ingest_bronze_taxi to None, run_after=None
[2026-01-07T14:07:42.983+0000] {processor.py:183} INFO - Processing /opt/airflow/dags/example_dag.py took 1.452 seconds
